<?xml version="1.0" encoding="UTF-8"?>
<testsuite xmlns:xsi="http://www.w3.org/2001/XMLSchema-instance" xsi:noNamespaceSchemaLocation="https://maven.apache.org/surefire/maven-surefire-plugin/xsd/surefire-test-report-3.0.xsd" version="3.0" name="ecbverschluesselung.ProgrammInterruptExceptionTest" time="0.002" tests="1" errors="0" skipped="0" failures="0">
  <properties>
    <property name="sun.desktop" value="windows"/>
    <property name="awt.toolkit" value="sun.awt.windows.WToolkit"/>
    <property name="file.encoding.pkg" value="sun.io"/>
    <property name="java.specification.version" value="1.8"/>
    <property name="sun.cpu.isalist" value="pentium_pro+mmx pentium_pro pentium+mmx pentium i486 i386 i86"/>
    <property name="sun.jnu.encoding" value="Cp1252"/>
    <property name="java.class.path" value="C:\Users\A104527714\OneDrive - Deutsche Telekom AG\Schule\Projekte\ecb-verschluesselung\ECB-Verschluesselung\target\test-classes;C:\Users\A104527714\OneDrive - Deutsche Telekom AG\Schule\Projekte\ecb-verschluesselung\ECB-Verschluesselung\target\classes;C:\Users\A104527714\Desktop\ECB-Versczhlüsselung-Maven\.m2\.m2\repository\org\junit\jupiter\junit-jupiter\5.7.0\junit-jupiter-5.7.0.jar;C:\Users\A104527714\Desktop\ECB-Versczhlüsselung-Maven\.m2\.m2\repository\org\junit\jupiter\junit-jupiter-api\5.7.0\junit-jupiter-api-5.7.0.jar;C:\Users\A104527714\Desktop\ECB-Versczhlüsselung-Maven\.m2\.m2\repository\org\apiguardian\apiguardian-api\1.1.0\apiguardian-api-1.1.0.jar;C:\Users\A104527714\Desktop\ECB-Versczhlüsselung-Maven\.m2\.m2\repository\org\opentest4j\opentest4j\1.2.0\opentest4j-1.2.0.jar;C:\Users\A104527714\Desktop\ECB-Versczhlüsselung-Maven\.m2\.m2\repository\org\junit\platform\junit-platform-commons\1.7.0\junit-platform-commons-1.7.0.jar;C:\Users\A104527714\Desktop\ECB-Versczhlüsselung-Maven\.m2\.m2\repository\org\junit\jupiter\junit-jupiter-params\5.7.0\junit-jupiter-params-5.7.0.jar;C:\Users\A104527714\Desktop\ECB-Versczhlüsselung-Maven\.m2\.m2\repository\org\junit\jupiter\junit-jupiter-engine\5.7.0\junit-jupiter-engine-5.7.0.jar;C:\Users\A104527714\Desktop\ECB-Versczhlüsselung-Maven\.m2\.m2\repository\org\junit\platform\junit-platform-engine\1.7.0\junit-platform-engine-1.7.0.jar;"/>
    <property name="java.vm.vendor" value="Oracle Corporation"/>
    <property name="sun.arch.data.model" value="32"/>
    <property name="user.variant" value=""/>
    <property name="java.vendor.url" value="http://java.oracle.com/"/>
    <property name="user.timezone" value="Europe/Berlin"/>
    <property name="java.vm.specification.version" value="1.8"/>
    <property name="os.name" value="Windows 10"/>
    <property name="user.country" value="DE"/>
    <property name="sun.java.launcher" value="SUN_STANDARD"/>
    <property name="sun.boot.library.path" value="C:\Program Files (x86)\Java\jdk1.8.0_261\jre\bin"/>
    <property name="sun.java.command" value="C:\Users\A104527714\AppData\Local\Temp\surefire1978847335662122758\surefirebooter7516876105246547452.jar C:\Users\A104527714\AppData\Local\Temp\surefire1978847335662122758 2020-12-08T12-06-44_031-jvmRun1 surefire4471802331426173917tmp surefire_01149554281124097444tmp"/>
    <property name="surefire.test.class.path" value="C:\Users\A104527714\OneDrive - Deutsche Telekom AG\Schule\Projekte\ecb-verschluesselung\ECB-Verschluesselung\target\test-classes;C:\Users\A104527714\OneDrive - Deutsche Telekom AG\Schule\Projekte\ecb-verschluesselung\ECB-Verschluesselung\target\classes;C:\Users\A104527714\Desktop\ECB-Versczhlüsselung-Maven\.m2\.m2\repository\org\junit\jupiter\junit-jupiter\5.7.0\junit-jupiter-5.7.0.jar;C:\Users\A104527714\Desktop\ECB-Versczhlüsselung-Maven\.m2\.m2\repository\org\junit\jupiter\junit-jupiter-api\5.7.0\junit-jupiter-api-5.7.0.jar;C:\Users\A104527714\Desktop\ECB-Versczhlüsselung-Maven\.m2\.m2\repository\org\apiguardian\apiguardian-api\1.1.0\apiguardian-api-1.1.0.jar;C:\Users\A104527714\Desktop\ECB-Versczhlüsselung-Maven\.m2\.m2\repository\org\opentest4j\opentest4j\1.2.0\opentest4j-1.2.0.jar;C:\Users\A104527714\Desktop\ECB-Versczhlüsselung-Maven\.m2\.m2\repository\org\junit\platform\junit-platform-commons\1.7.0\junit-platform-commons-1.7.0.jar;C:\Users\A104527714\Desktop\ECB-Versczhlüsselung-Maven\.m2\.m2\repository\org\junit\jupiter\junit-jupiter-params\5.7.0\junit-jupiter-params-5.7.0.jar;C:\Users\A104527714\Desktop\ECB-Versczhlüsselung-Maven\.m2\.m2\repository\org\junit\jupiter\junit-jupiter-engine\5.7.0\junit-jupiter-engine-5.7.0.jar;C:\Users\A104527714\Desktop\ECB-Versczhlüsselung-Maven\.m2\.m2\repository\org\junit\platform\junit-platform-engine\1.7.0\junit-platform-engine-1.7.0.jar;"/>
    <property name="sun.cpu.endian" value="little"/>
    <property name="user.home" value="C:\Users\A104527714"/>
    <property name="user.language" value="de"/>
    <property name="java.specification.vendor" value="Oracle Corporation"/>
    <property name="java.home" value="C:\Program Files (x86)\Java\jdk1.8.0_261\jre"/>
    <property name="basedir" value="C:\Users\A104527714\OneDrive - Deutsche Telekom AG\Schule\Projekte\ecb-verschluesselung\ECB-Verschluesselung"/>
    <property name="file.separator" value="\"/>
    <property name="line.separator" value="&#10;"/>
    <property name="java.vm.specification.vendor" value="Oracle Corporation"/>
    <property name="java.specification.name" value="Java Platform API Specification"/>
    <property name="java.awt.graphicsenv" value="sun.awt.Win32GraphicsEnvironment"/>
    <property name="surefire.real.class.path" value="C:\Users\A104527714\AppData\Local\Temp\surefire1978847335662122758\surefirebooter7516876105246547452.jar"/>
    <property name="sun.boot.class.path" value="C:\Program Files (x86)\Java\jdk1.8.0_261\jre\lib\resources.jar;C:\Program Files (x86)\Java\jdk1.8.0_261\jre\lib\rt.jar;C:\Program Files (x86)\Java\jdk1.8.0_261\jre\lib\sunrsasign.jar;C:\Program Files (x86)\Java\jdk1.8.0_261\jre\lib\jsse.jar;C:\Program Files (x86)\Java\jdk1.8.0_261\jre\lib\jce.jar;C:\Program Files (x86)\Java\jdk1.8.0_261\jre\lib\charsets.jar;C:\Program Files (x86)\Java\jdk1.8.0_261\jre\lib\jfr.jar;C:\Program Files (x86)\Java\jdk1.8.0_261\jre\classes"/>
    <property name="user.script" value=""/>
    <property name="sun.management.compiler" value="HotSpot Client Compiler"/>
    <property name="java.runtime.version" value="1.8.0_261-b12"/>
    <property name="user.name" value="A104527714"/>
    <property name="path.separator" value=";"/>
    <property name="os.version" value="10.0"/>
    <property name="java.endorsed.dirs" value="C:\Program Files (x86)\Java\jdk1.8.0_261\jre\lib\endorsed"/>
    <property name="java.runtime.name" value="Java(TM) SE Runtime Environment"/>
    <property name="file.encoding" value="Cp1252"/>
    <property name="java.vm.name" value="Java HotSpot(TM) Client VM"/>
    <property name="localRepository" value="C:\Users\A104527714\Desktop\ECB-Versczhlüsselung-Maven\.m2\.m2\repository"/>
    <property name="java.vendor.url.bug" value="http://bugreport.sun.com/bugreport/"/>
    <property name="java.io.tmpdir" value="C:\Users\A10452~1\AppData\Local\Temp\"/>
    <property name="java.version" value="1.8.0_261"/>
    <property name="user.dir" value="C:\Users\A104527714\OneDrive - Deutsche Telekom AG\Schule\Projekte\ecb-verschluesselung\ECB-Verschluesselung"/>
    <property name="os.arch" value="x86"/>
    <property name="java.vm.specification.name" value="Java Virtual Machine Specification"/>
    <property name="java.awt.printerjob" value="sun.awt.windows.WPrinterJob"/>
    <property name="sun.os.patch.level" value=""/>
    <property name="java.library.path" value="C:\Program Files (x86)\Java\jdk1.8.0_261\jre\bin;C:\WINDOWS\Sun\Java\bin;C:\WINDOWS\system32;C:\WINDOWS;C:/Program Files/eclipse/jre/bin/server;C:/Program Files/eclipse/jre/bin;C:\Program Files (x86)\Common Files\Oracle\Java\javapath;C:\WINDOWS\system32;C:\WINDOWS;C:\WINDOWS\System32\Wbem;C:\WINDOWS\System32\WindowsPowerShell\v1.0\;C:\Program Files\Microsoft SQL Server\130\Tools\Binn\;C:\Program Files (x86)\Webex\Plugins;C:\Program Files\dotnet\;C:\Program Files\Microsoft SQL Server\Client SDK\ODBC\170\Tools\Binn\;C:\Program Files (x86)\IncrediBuild;C:\Program Files (x86)\Sennheiser\SoftphoneSDK\;C:\Program Files\Git\cmd;C:\Program Files\PuTTY\;C:\Users\A104527714\AppData\Local\Programs\Python\Launcher\;C:\Users\A104527714\AppData\Local\Microsoft\WindowsApps;;C:\Users\A104527714\OneDrive - Deutsche Telekom AG\Microsoft VS Code\bin;C:\Program Files\eclipse;;."/>
    <property name="java.vm.info" value="mixed mode"/>
    <property name="java.vendor" value="Oracle Corporation"/>
    <property name="java.vm.version" value="25.261-b12"/>
    <property name="java.ext.dirs" value="C:\Program Files (x86)\Java\jdk1.8.0_261\jre\lib\ext;C:\WINDOWS\Sun\Java\lib\ext"/>
    <property name="sun.io.unicode.encoding" value="UnicodeLittle"/>
    <property name="java.class.version" value="52.0"/>
  </properties>
  <testcase name="testGetErrorMessage" classname="ecbverschluesselung.ProgrammInterruptExceptionTest" time="0"/>
</testsuite>